<?xml version="1.0" encoding="UTF-8"?>
<!-- Generated by org.testng.reporters.JUnitReportReporter -->
<testsuite skipped="0" hostname="Computer-PC" name="com.mycompany.app.Maven1Test" tests="1" failures="0" timestamp="30 Apr 2019 16:48:50 GMT" time="0.018" errors="0">
  <testcase name="Test1" time="0.018" classname="com.mycompany.app.Maven1Test"/>
</testsuite> <!-- com.mycompany.app.Maven1Test -->
