<?xml version="1.0" encoding="UTF-8"?>
<!-- Generated by org.testng.reporters.JUnitReportReporter -->
<testsuite skipped="0" hostname="Computer-PC" name="com.mycompany.app.Maven3Test" tests="1" failures="0" timestamp="30 Apr 2019 07:31:20 GMT" time="0.000" errors="0">
  <testcase name="Test3" time="0.000" classname="com.mycompany.app.Maven3Test"/>
</testsuite> <!-- com.mycompany.app.Maven3Test -->
